0 info it worked if it ends with ok
1 verbose cli [ 'C:\\Program Files\\nodejs\\node.exe',
1 verbose cli   'C:\\Program Files\\nodejs\\node_modules\\npm\\bin\\npm-cli.js',
1 verbose cli   'run',
1 verbose cli   'test' ]
2 info using npm@3.10.10
3 info using node@v7.2.1
4 verbose run-script [ 'pretest', 'test', 'posttest' ]
5 info lifecycle logroom@1.0.0~pretest: logroom@1.0.0
6 silly lifecycle logroom@1.0.0~pretest: no script for pretest, continuing
7 info lifecycle logroom@1.0.0~test: logroom@1.0.0
8 verbose lifecycle logroom@1.0.0~test: unsafe-perm in lifecycle true
9 verbose lifecycle logroom@1.0.0~test: PATH: C:\Program Files\nodejs\node_modules\npm\bin\node-gyp-bin;C:\Users\Edgar\Desktop\projects\LogRoom\node_modules\.bin;C:\Users\Edgar\bin;C:\Program Files (x86)\Git\mingw64\bin;C:\Program Files (x86)\Git\usr\local\bin;C:\Program Files (x86)\Git\usr\bin;C:\Program Files (x86)\Git\usr\bin;C:\Program Files (x86)\Git\mingw64\bin;C:\Program Files (x86)\Git\usr\bin;C:\Users\Edgar\bin;C:\Program Files (x86)\Intel\iCLS Client;C:\Program Files\Intel\iCLS Client;C:\Program Files\Broadcom\Broadcom 802.11 Network Adapter;C:\WINDOWS\system32;C:\WINDOWS;C:\WINDOWS\System32\Wbem;C:\WINDOWS\System32\WindowsPowerShell\v1.0;C:\Program Files\Intel\Intel(R) Management Engine Components\DAL;C:\Program Files\Intel\Intel(R) Management Engine Components\IPT;C:\Program Files (x86)\Intel\Intel(R) Management Engine Components\DAL;C:\Program Files (x86)\Intel\Intel(R) Management Engine Components\IPT;C:\Program Files\WIDCOMM\Bluetooth Software;C:\Program Files\WIDCOMM\Bluetooth Software\syswow64;C:\HashiCorp\Vagrant\bin;C:\Program Files (x86)\NVIDIA Corporation\PhysX\Common;C:\Program Files (x86)\Skype\Phone;C:\WINDOWS\system32;C:\WINDOWS;C:\WINDOWS\System32\Wbem;C:\WINDOWS\System32\WindowsPowerShell\v1.0;C:\Program Files (x86)\Heroku\bin;C:\Program Files (x86)\git\cmd;C:\Program Files\nodejs;C:\Program Files\MongoDB\Server\3.2\bin;C:\Users\Edgar\AppData\Roaming\npm;C:\Program Files (x86)\Git\usr\bin\vendor_perl;C:\Program Files (x86)\Git\usr\bin\core_perl
10 verbose lifecycle logroom@1.0.0~test: CWD: C:\Users\Edgar\Desktop\projects\LogRoom
11 silly lifecycle logroom@1.0.0~test: Args: [ '/d /s /c', 'mocha ./test/test-server.js' ]
12 silly lifecycle logroom@1.0.0~test: Returned: code: 3  signal: null
13 info lifecycle logroom@1.0.0~test: Failed to exec test script
14 verbose stack Error: logroom@1.0.0 test: `mocha ./test/test-server.js`
14 verbose stack Exit status 3
14 verbose stack     at EventEmitter.<anonymous> (C:\Program Files\nodejs\node_modules\npm\lib\utils\lifecycle.js:255:16)
14 verbose stack     at emitTwo (events.js:106:13)
14 verbose stack     at EventEmitter.emit (events.js:191:7)
14 verbose stack     at ChildProcess.<anonymous> (C:\Program Files\nodejs\node_modules\npm\lib\utils\spawn.js:40:14)
14 verbose stack     at emitTwo (events.js:106:13)
14 verbose stack     at ChildProcess.emit (events.js:191:7)
14 verbose stack     at maybeClose (internal/child_process.js:885:16)
14 verbose stack     at Process.ChildProcess._handle.onexit (internal/child_process.js:226:5)
15 verbose pkgid logroom@1.0.0
16 verbose cwd C:\Users\Edgar\Desktop\projects\LogRoom
17 error Windows_NT 10.0.14393
18 error argv "C:\\Program Files\\nodejs\\node.exe" "C:\\Program Files\\nodejs\\node_modules\\npm\\bin\\npm-cli.js" "run" "test"
19 error node v7.2.1
20 error npm  v3.10.10
21 error code ELIFECYCLE
22 error logroom@1.0.0 test: `mocha ./test/test-server.js`
22 error Exit status 3
23 error Failed at the logroom@1.0.0 test script 'mocha ./test/test-server.js'.
23 error Make sure you have the latest version of node.js and npm installed.
23 error If you do, this is most likely a problem with the logroom package,
23 error not with npm itself.
23 error Tell the author that this fails on your system:
23 error     mocha ./test/test-server.js
23 error You can get information on how to open an issue for this project with:
23 error     npm bugs logroom
23 error Or if that isn't available, you can get their info via:
23 error     npm owner ls logroom
23 error There is likely additional logging output above.
24 verbose exit [ 1, true ]
